[debug] [2021-11-03T02:11:35.057Z] ----------------------------------------------------------------------
[debug] [2021-11-03T02:11:35.059Z] Command:       /usr/local/bin/node /usr/local/bin/firebase init
[debug] [2021-11-03T02:11:35.059Z] CLI Version:   9.21.0
[debug] [2021-11-03T02:11:35.059Z] Platform:      darwin
[debug] [2021-11-03T02:11:35.060Z] Node Version:  v14.17.6
[debug] [2021-11-03T02:11:35.060Z] Time:          Tue Nov 02 2021 22:11:35 GMT-0400 (Eastern Daylight Time)
[debug] [2021-11-03T02:11:35.061Z] ----------------------------------------------------------------------
[debug] 
[debug] [2021-11-03T02:11:35.065Z] > command requires scopes: ["email","openid","https://www.googleapis.com/auth/cloudplatformprojects.readonly","https://www.googleapis.com/auth/firebase","https://www.googleapis.com/auth/cloud-platform"]
[debug] [2021-11-03T02:11:35.065Z] > authorizing via signed-in user (diluppal2399@gmail.com)
[info] 
     ######## #### ########  ######## ########     ###     ######  ########
     ##        ##  ##     ## ##       ##     ##  ##   ##  ##       ##
     ######    ##  ########  ######   ########  #########  ######  ######
     ##        ##  ##    ##  ##       ##     ## ##     ##       ## ##
     ##       #### ##     ## ######## ########  ##     ##  ######  ########

You're about to initialize a Firebase project in this directory:

  /Users/diluppal/Documents/Skillbox projects/new/skillbox-videocall-backend

[info] 
=== Project Setup
[info] 
[info] First, let's associate this project directory with a Firebase project.
[info] You can create multiple project aliases by running firebase use --add, 
[info] but for now we'll just set up a default project.
[info] 
[debug] [2021-11-03T02:15:31.351Z] > refreshing access token with scopes: []
[debug] [2021-11-03T02:15:31.352Z] >>> HTTP REQUEST POST https://www.googleapis.com/oauth2/v3/token  
 <request body omitted>
[debug] [2021-11-03T02:15:31.918Z] <<< HTTP RESPONSE 400 {"pragma":"no-cache","date":"Wed, 03 Nov 2021 02:15:31 GMT","expires":"Mon, 01 Jan 1990 00:00:00 GMT","cache-control":"no-cache, no-store, max-age=0, must-revalidate","content-type":"application/json; charset=utf-8","vary":"X-Origin, Referer, Origin,Accept-Encoding","server":"scaffolding on HTTPServer2","x-xss-protection":"0","x-frame-options":"SAMEORIGIN","x-content-type-options":"nosniff","alt-svc":"h3=\":443\"; ma=2592000,h3-29=\":443\"; ma=2592000,h3-Q050=\":443\"; ma=2592000,h3-Q046=\":443\"; ma=2592000,h3-Q043=\":443\"; ma=2592000,quic=\":443\"; ma=2592000; v=\"46,43\"","accept-ranges":"none","transfer-encoding":"chunked"}
[debug] [2021-11-03T02:15:31.921Z] >>> [apiv2][query] GET https://firebase.googleapis.com/v1beta1/projects pageSize=100
[debug] [2021-11-03T02:15:32.437Z] <<< [apiv2][status] GET https://firebase.googleapis.com/v1beta1/projects 401
[debug] [2021-11-03T02:15:32.437Z] <<< [apiv2][body] GET https://firebase.googleapis.com/v1beta1/projects [omitted]
[debug] [2021-11-03T02:15:32.437Z] HTTP Error: 401, Request had invalid authentication credentials. Expected OAuth 2 access token, login cookie or other valid authentication credential. See https://developers.google.com/identity/sign-in/web/devconsole-project.
[debug] [2021-11-03T02:15:32.972Z] FirebaseError: HTTP Error: 401, Request had invalid authentication credentials. Expected OAuth 2 access token, login cookie or other valid authentication credential. See https://developers.google.com/identity/sign-in/web/devconsole-project.
    at module.exports (/usr/local/lib/node_modules/firebase-tools/lib/responseToError.js:38:12)
    at Client.doRequest (/usr/local/lib/node_modules/firebase-tools/lib/apiv2.js:240:23)
    at processTicksAndRejections (internal/process/task_queues.js:95:5)
    at async Client.request (/usr/local/lib/node_modules/firebase-tools/lib/apiv2.js:96:20)
    at async getProjectPage (/usr/local/lib/node_modules/firebase-tools/lib/management/projects.js:233:17)
    at async getFirebaseProjectPage (/usr/local/lib/node_modules/firebase-tools/lib/management/projects.js:250:23)
    at async selectProjectInteractively (/usr/local/lib/node_modules/firebase-tools/lib/management/projects.js:95:41)
    at async Object.doSetup [as project] (/usr/local/lib/node_modules/firebase-tools/lib/init/features/project.js:87:27)
    at async init (/usr/local/lib/node_modules/firebase-tools/lib/init/index.js:19:9)
[error] 
[error] Error: Failed to list Firebase projects. See firebase-debug.log for more info.
[debug] [2021-11-03T02:17:49.741Z] ----------------------------------------------------------------------
[debug] [2021-11-03T02:17:49.743Z] Command:       /usr/local/bin/node /usr/local/bin/firebase init
[debug] [2021-11-03T02:17:49.743Z] CLI Version:   9.21.0
[debug] [2021-11-03T02:17:49.743Z] Platform:      darwin
[debug] [2021-11-03T02:17:49.743Z] Node Version:  v14.17.6
[debug] [2021-11-03T02:17:49.745Z] Time:          Tue Nov 02 2021 22:17:49 GMT-0400 (Eastern Daylight Time)
[debug] [2021-11-03T02:17:49.745Z] ----------------------------------------------------------------------
[debug] 
[debug] [2021-11-03T02:17:49.749Z] > command requires scopes: ["email","openid","https://www.googleapis.com/auth/cloudplatformprojects.readonly","https://www.googleapis.com/auth/firebase","https://www.googleapis.com/auth/cloud-platform"]
[debug] [2021-11-03T02:17:49.750Z] > authorizing via signed-in user (diluppal2399@gmail.com)
[info] 
     ######## #### ########  ######## ########     ###     ######  ########
     ##        ##  ##     ## ##       ##     ##  ##   ##  ##       ##
     ######    ##  ########  ######   ########  #########  ######  ######
     ##        ##  ##    ##  ##       ##     ## ##     ##       ## ##
     ##       #### ##     ## ######## ########  ##     ##  ######  ########

You're about to initialize a Firebase project in this directory:

  /Users/diluppal/Documents/Skillbox projects/new/skillbox-videocall-backend

[info] 
=== Project Setup
[info] 
[info] First, let's associate this project directory with a Firebase project.
[info] You can create multiple project aliases by running firebase use --add, 
[info] but for now we'll just set up a default project.
[info] 
[debug] [2021-11-03T02:17:59.605Z] > refreshing access token with scopes: []
[debug] [2021-11-03T02:17:59.605Z] >>> HTTP REQUEST POST https://www.googleapis.com/oauth2/v3/token  
 <request body omitted>
[debug] [2021-11-03T02:17:59.928Z] <<< HTTP RESPONSE 400 {"pragma":"no-cache","cache-control":"no-cache, no-store, max-age=0, must-revalidate","date":"Wed, 03 Nov 2021 02:17:59 GMT","expires":"Mon, 01 Jan 1990 00:00:00 GMT","content-type":"application/json; charset=utf-8","vary":"X-Origin, Referer, Origin,Accept-Encoding","server":"scaffolding on HTTPServer2","x-xss-protection":"0","x-frame-options":"SAMEORIGIN","x-content-type-options":"nosniff","alt-svc":"h3=\":443\"; ma=2592000,h3-29=\":443\"; ma=2592000,h3-Q050=\":443\"; ma=2592000,h3-Q046=\":443\"; ma=2592000,h3-Q043=\":443\"; ma=2592000,quic=\":443\"; ma=2592000; v=\"46,43\"","accept-ranges":"none","transfer-encoding":"chunked"}
[debug] [2021-11-03T02:17:59.931Z] >>> [apiv2][query] GET https://firebase.googleapis.com/v1beta1/projects pageSize=100
[debug] [2021-11-03T02:18:00.305Z] <<< [apiv2][status] GET https://firebase.googleapis.com/v1beta1/projects 401
[debug] [2021-11-03T02:18:00.306Z] <<< [apiv2][body] GET https://firebase.googleapis.com/v1beta1/projects [omitted]
[debug] [2021-11-03T02:18:00.306Z] HTTP Error: 401, Request had invalid authentication credentials. Expected OAuth 2 access token, login cookie or other valid authentication credential. See https://developers.google.com/identity/sign-in/web/devconsole-project.
[debug] [2021-11-03T02:18:00.597Z] FirebaseError: HTTP Error: 401, Request had invalid authentication credentials. Expected OAuth 2 access token, login cookie or other valid authentication credential. See https://developers.google.com/identity/sign-in/web/devconsole-project.
    at module.exports (/usr/local/lib/node_modules/firebase-tools/lib/responseToError.js:38:12)
    at Client.doRequest (/usr/local/lib/node_modules/firebase-tools/lib/apiv2.js:240:23)
    at processTicksAndRejections (internal/process/task_queues.js:95:5)
    at async Client.request (/usr/local/lib/node_modules/firebase-tools/lib/apiv2.js:96:20)
    at async getProjectPage (/usr/local/lib/node_modules/firebase-tools/lib/management/projects.js:233:17)
    at async getFirebaseProjectPage (/usr/local/lib/node_modules/firebase-tools/lib/management/projects.js:250:23)
    at async selectProjectInteractively (/usr/local/lib/node_modules/firebase-tools/lib/management/projects.js:95:41)
    at async Object.doSetup [as project] (/usr/local/lib/node_modules/firebase-tools/lib/init/features/project.js:87:27)
    at async init (/usr/local/lib/node_modules/firebase-tools/lib/init/index.js:19:9)
[error] 
[error] Error: Failed to list Firebase projects. See firebase-debug.log for more info.
